0 silly argv {
0 silly argv   _: [ 'version' ],
0 silly argv   'conventional-commits': true,
0 silly argv   conventionalCommits: true,
0 silly argv   yes: true,
0 silly argv   y: true,
0 silly argv   lernaVersion: '3.20.2',
0 silly argv   '$0': 'node_modules/.bin/lerna'
0 silly argv }
1 notice cli v3.20.2
2 verbose rootPath /home/jlee/NewApp
3 info current version 1.0.1
4 silly isAnythingCommitted
5 verbose isAnythingCommitted 1
6 silly currentBranch
7 verbose currentBranch master
8 silly remoteBranchExists
9 silly isBehindUpstream
10 error Error: Command failed: git remote update
10 error remote: Invalid username or password.
10 error fatal: Authentication failed for 'https://github.com/Jamesley55/NewApp.git/'
10 error error: Could not fetch origin
10 error
10 error Fetching origin
10 error
10 error     at makeError (/home/jlee/NewApp/node_modules/execa/index.js:174:9)
10 error     at Function.module.exports.sync (/home/jlee/NewApp/node_modules/execa/index.js:338:15)
10 error     at Object.execSync (/home/jlee/NewApp/node_modules/@lerna/child-process/index.js:26:16)
10 error     at updateRemote (/home/jlee/NewApp/node_modules/@lerna/version/lib/is-behind-upstream.js:26:16)
10 error     at isBehindUpstream (/home/jlee/NewApp/node_modules/@lerna/version/lib/is-behind-upstream.js:11:3)
10 error     at VersionCommand.initialize (/home/jlee/NewApp/node_modules/@lerna/version/index.js:150:9)
