Arguments: 
  /usr/local/bin/node /usr/local/bin/yarn remove graphql

PATH: 
  /home/jlee/.local/bin:/home/jlee/.local/bin:/usr/local/sbin:/usr/local/bin:/usr/sbin:/usr/bin:/sbin:/bin:/usr/games:/usr/local/games:/snap/bin

Yarn version: 
  1.22.4

Node version: 
  13.8.0

Platform: 
  linux x64

Trace: 
  SyntaxError: /home/jlee/NewApp/package.json: Unexpected token : in JSON at position 686
      at JSON.parse (<anonymous>)
      at /usr/local/lib/node_modules/yarn/lib/cli.js:1625:59
      at Generator.next (<anonymous>)
      at step (/usr/local/lib/node_modules/yarn/lib/cli.js:310:30)
      at /usr/local/lib/node_modules/yarn/lib/cli.js:321:13

npm manifest: 
  {
    "name": "@doffy/mobil",
    "main": "__generated__/AppEntry.js",
    "scripts": {
      "start": "expo start",
      "android": "expo start --android",
      "ios": "expo start --ios",
      "web": "expo start --web",
      "eject": "expo eject",
      "test": "echo testing mobil with version :$npm_package_version",
      "postinstall": "expo-yarn-workspaces postinstall"
    },
    "dependencies": {
      "@apollo/react-hooks": "^3.1.4",
      "@doffy/common": "^1.0.12",
      "@doffy/controller": "^1.0.12",
      "@expo/vector-icons": "^10.0.6",
      "@react-native-community/masked-view": "0.1.5",
      "@react-navigation/bottom-tabs": "^5.2.3",
      "@react-navigation/drawer": "^5.3.3",
      "@react-navigation/native": "^5.1.2",
      "@react-navigation/stack": "^5.2.4",
      "@types/apollo-upload-client": "^8.1.3",
      "antd": "^4.1.1",
      "apollo-boost": "^0.4.7",
      "apollo-cache-inmemory": "^1.6.5",
      "apollo-client": "^2.6.8",
      "apollo-link-http": "^1.5.17",
      "apollo-server-express": "^2.12.0",
      "apollo-upload-client": "^13.0.0",
      "axios": "^0.19.2",
      "expo": "^37.0.7",
      "expo-cli": "^3.19.2",
      "expo-font": "^8.1.1",
      "expo-image-picker": "^8.1.0",
      "expo-secure-store": "^8.1.0",
      "faker": "^4.1.0",
      "formik": "^2.1.4",
      "global": "^4.4.0",
      "gql": "^1.1.2",
      "graphql-tag": "^2.10.3",
      "moment": "^2.25.3",
      "native-base": "2.13.8",
      "react": "^16.13.1",
      "react-apollo": "^3.1.4",
      "react-dom": "~16.9.0",
      "react-native": "https://github.com/expo/react-native/archive/sdk-36.0.0.tar.gz",
      "react-native-config": "^1.0.0",
      "react-native-elements": "^1.2.7",
      "react-native-gesture-handler": "~1.5.0",
      "react-native-maps": "^0.26.1",
      "react-native-reanimated": "~1.4.0",
      "react-native-safe-area-context": "0.6.0",
      "react-native-screens": "2.0.0-alpha.12",
      "react-native-svg": "^12.0.3",
      "react-native-web": "~0.11.7",
      "react-navigation": "^4.0.10",
      "react-navigation-drawer": "^2.4.7",
      "react-router-native": "^5.1.2",
      "tslint-config-prettier": "^1.18.0",
      "yup": "^0.28.3"
    },
    "devDependencies": {
      "@babel/core": "^7.9.0",
      "@babel/runtime": "^7.9.2",
      "@types/apollo-upload-client": "^8.1.3",
      "@types/faker": "^4.1.10",
      "@types/react": "~16.9.0",
      "@types/react-native": "~0.60.23",
      "@types/react-native-elements": "^0.18.0",
      "@types/react-router": "^5.1.5",
      "@types/react-router-native": "^5.1.0",
      "@types/yup": "^0.26.35",
      "babel-preset-expo": "~8.0.0",
      "expo-yarn-workspaces": "^1.2.1",
      "tslint-config-prettier": "^1.18.0",
      "typescript": "~3.6.3"
    },
    "private": true,
    "version": "1.0.12",
    "author": "Jamesley Joseph",
    "license": "MIT"
  }

yarn manifest: 
  No manifest

Lockfile: 
  No lockfile
